Using pre-set license
Built from '2022.3/staging' branch; Version is '2022.3.17f1 (4fc78088f837) revision 5228416'; Using compiler version '192829333'; Build Type 'Release'
OS: 'Windows 11  (10.0.22631) 64bit Core' Language: 'en' Physical Memory: 32696 MB
BatchMode: 1, IsHumanControllingUs: 0, StartBugReporterOnCrash: 0, Is64bit: 1, IsPro: 1

COMMAND LINE ARGUMENTS:
F:\Program Files\2022.3.17f1\Editor\Unity.exe
-adb2
-batchMode
-noUpm
-name
AssetImportWorker2
-projectPath
F:/Tornado Unity/Tornado
-logFile
Logs/AssetImportWorker2.log
-srvPort
50832
Successfully changed project path to: F:/Tornado Unity/Tornado
F:/Tornado Unity/Tornado
[UnityMemory] Configuration Parameters - Can be set up in boot.config
    "memorysetup-bucket-allocator-granularity=16"
    "memorysetup-bucket-allocator-bucket-count=8"
    "memorysetup-bucket-allocator-block-size=33554432"
    "memorysetup-bucket-allocator-block-count=8"
    "memorysetup-main-allocator-block-size=16777216"
    "memorysetup-thread-allocator-block-size=16777216"
    "memorysetup-gfx-main-allocator-block-size=16777216"
    "memorysetup-gfx-thread-allocator-block-size=16777216"
    "memorysetup-cache-allocator-block-size=4194304"
    "memorysetup-typetree-allocator-block-size=2097152"
    "memorysetup-profiler-bucket-allocator-granularity=16"
    "memorysetup-profiler-bucket-allocator-bucket-count=8"
    "memorysetup-profiler-bucket-allocator-block-size=33554432"
    "memorysetup-profiler-bucket-allocator-block-count=8"
    "memorysetup-profiler-allocator-block-size=16777216"
    "memorysetup-profiler-editor-allocator-block-size=1048576"
    "memorysetup-temp-allocator-size-main=16777216"
    "memorysetup-job-temp-allocator-block-size=2097152"
    "memorysetup-job-temp-allocator-block-size-background=1048576"
    "memorysetup-job-temp-allocator-reduction-small-platforms=262144"
    "memorysetup-allocator-temp-initial-block-size-main=262144"
    "memorysetup-allocator-temp-initial-block-size-worker=262144"
    "memorysetup-temp-allocator-size-background-worker=32768"
    "memorysetup-temp-allocator-size-job-worker=262144"
    "memorysetup-temp-allocator-size-preload-manager=33554432"
    "memorysetup-temp-allocator-size-nav-mesh-worker=65536"
    "memorysetup-temp-allocator-size-audio-worker=65536"
    "memorysetup-temp-allocator-size-cloud-worker=32768"
    "memorysetup-temp-allocator-size-gi-baking-worker=262144"
    "memorysetup-temp-allocator-size-gfx=262144"
Player connection [21108] Host "[IP] 192.168.1.71 [Port] 0 [Flags] 2 [Guid] 1685010234 [EditorId] 1685010234 [Version] 1048832 [Id] WindowsEditor(7,DESKTOP-I0HPQOV) [Debug] 1 [PackageName] WindowsEditor [ProjectName] Editor" joined multi-casting on [225.0.0.222:54997]...

Player connection [21108] Host "[IP] 192.168.1.71 [Port] 0 [Flags] 2 [Guid] 1685010234 [EditorId] 1685010234 [Version] 1048832 [Id] WindowsEditor(7,DESKTOP-I0HPQOV) [Debug] 1 [PackageName] WindowsEditor [ProjectName] Editor" joined alternative multi-casting on [225.0.0.222:34997]...

[Physics::Module] Initialized MultithreadedJobDispatcher with 7 workers.
Refreshing native plugins compatible for Editor in 18.95 ms, found 5 plugins.
Preloading 0 native plugins for Editor in 0.00 ms.
Initialize engine version: 2022.3.17f1 (4fc78088f837)
[Subsystems] Discovering subsystems at path F:/Program Files/2022.3.17f1/Editor/Data/Resources/UnitySubsystems
[Subsystems] Discovering subsystems at path F:/Tornado Unity/Tornado/Assets
GfxDevice: creating device client; threaded=0; jobified=0
Direct3D:
    Version:  Direct3D 11.0 [level 11.1]
    Renderer: NVIDIA GeForce RTX 2060 (ID=0x1f08)
    Vendor:   NVIDIA
    VRAM:     5954 MB
    Driver:   32.0.15.6590
Initialize mono
Mono path[0] = 'F:/Program Files/2022.3.17f1/Editor/Data/Managed'
Mono path[1] = 'F:/Program Files/2022.3.17f1/Editor/Data/MonoBleedingEdge/lib/mono/unityjit-win32'
Mono config path = 'F:/Program Files/2022.3.17f1/Editor/Data/MonoBleedingEdge/etc'
Using monoOptions --debugger-agent=transport=dt_socket,embedding=1,server=y,suspend=n,address=127.0.0.1:56660
Begin MonoManager ReloadAssembly
Registering precompiled unity dll's ...
Register platform support module: F:/Program Files/2022.3.17f1/Editor/Data/PlaybackEngines/WebGLSupport/UnityEditor.WebGL.Extensions.dll
Register platform support module: F:/Program Files/2022.3.17f1/Editor/Data/PlaybackEngines/WindowsStandaloneSupport/UnityEditor.WindowsStandalone.Extensions.dll
Registered in 0.004059 seconds.
- Loaded All Assemblies, in  0.319 seconds
Native extension for WindowsStandalone target not found
Native extension for WebGL target not found
Mono: successfully reloaded assembly
- Finished resetting the current domain, in  0.255 seconds
Domain Reload Profiling: 575ms
	BeginReloadAssembly (97ms)
		ExecutionOrderSort (0ms)
		DisableScriptedObjects (0ms)
		BackupInstance (0ms)
		ReleaseScriptingObjects (0ms)
		CreateAndSetChildDomain (1ms)
	RebuildCommonClasses (32ms)
	RebuildNativeTypeToScriptingClass (10ms)
	initialDomainReloadingComplete (46ms)
	LoadAllAssembliesAndSetupDomain (135ms)
		LoadAssemblies (96ms)
		RebuildTransferFunctionScriptingTraits (0ms)
		AnalyzeDomain (133ms)
			TypeCache.Refresh (132ms)
				TypeCache.ScanAssembly (120ms)
			ScanForSourceGeneratedMonoScriptInfo (0ms)
			ResolveRequiredComponents (0ms)
	FinalizeReload (256ms)
		ReleaseScriptCaches (0ms)
		RebuildScriptCaches (0ms)
		SetupLoadedEditorAssemblies (200ms)
			LogAssemblyErrors (0ms)
			InitializePlatformSupportModulesInManaged (8ms)
			SetLoadedEditorAssemblies (5ms)
			RefreshPlugins (0ms)
			BeforeProcessingInitializeOnLoad (2ms)
			ProcessInitializeOnLoadAttributes (140ms)
			ProcessInitializeOnLoadMethodAttributes (45ms)
			AfterProcessingInitializeOnLoad (0ms)
			EditorAssembliesLoaded (0ms)
		ExecutionOrderSort2 (0ms)
		AwakeInstancesAfterBackupRestoration (0ms)
========================================================================
Worker process is ready to serve import requests
Begin MonoManager ReloadAssembly
- Loaded All Assemblies, in  0.567 seconds
Refreshing native plugins compatible for Editor in 8.79 ms, found 5 plugins.
Native extension for WindowsStandalone target not found
Native extension for WebGL target not found
Mono: successfully reloaded assembly
- Finished resetting the current domain, in  0.567 seconds
Domain Reload Profiling: 1135ms
	BeginReloadAssembly (140ms)
		ExecutionOrderSort (0ms)
		DisableScriptedObjects (5ms)
		BackupInstance (0ms)
		ReleaseScriptingObjects (0ms)
		CreateAndSetChildDomain (20ms)
	RebuildCommonClasses (44ms)
	RebuildNativeTypeToScriptingClass (10ms)
	initialDomainReloadingComplete (34ms)
	LoadAllAssembliesAndSetupDomain (338ms)
		LoadAssemblies (244ms)
		RebuildTransferFunctionScriptingTraits (0ms)
		AnalyzeDomain (176ms)
			TypeCache.Refresh (157ms)
				TypeCache.ScanAssembly (143ms)
			ScanForSourceGeneratedMonoScriptInfo (14ms)
			ResolveRequiredComponents (4ms)
	FinalizeReload (568ms)
		ReleaseScriptCaches (0ms)
		RebuildScriptCaches (0ms)
		SetupLoadedEditorAssemblies (428ms)
			LogAssemblyErrors (0ms)
			InitializePlatformSupportModulesInManaged (5ms)
			SetLoadedEditorAssemblies (3ms)
			RefreshPlugins (0ms)
			BeforeProcessingInitializeOnLoad (47ms)
			ProcessInitializeOnLoadAttributes (349ms)
			ProcessInitializeOnLoadMethodAttributes (22ms)
			AfterProcessingInitializeOnLoad (2ms)
			EditorAssembliesLoaded (0ms)
		ExecutionOrderSort2 (0ms)
		AwakeInstancesAfterBackupRestoration (6ms)
Launched and connected shader compiler UnityShaderCompiler.exe after 0.10 seconds
Refreshing native plugins compatible for Editor in 8.45 ms, found 5 plugins.
Preloading 0 native plugins for Editor in 0.00 ms.
Unloading 3258 Unused Serialized files (Serialized files now loaded: 0)
Unloading 100 unused Assets / (96.2 KB). Loaded Objects now: 3650.
Memory consumption went from 128.4 MB to 128.3 MB.
Total: 2.997000 ms (FindLiveObjects: 0.322800 ms CreateObjectMapping: 0.341900 ms MarkObjects: 2.179700 ms  DeleteObjects: 0.151400 ms)

AssetImportParameters requested are different than current active one (requested -> active):
  custom:container-demuxer-ogg: 62fdf1f143b41e24485cea50d1cbac27 -> 
  custom:video-decoder-ogg-theora: a1e56fd34408186e4bbccfd4996cb3dc -> 
  custom:framework-win-MediaFoundation: 216162199b28c13a410421893ffa2e32 -> 
  custom:CustomObjectIndexerAttribute: 6d391050e5a25f67b0a2c618074f2cd9 -> 
  custom:container-demuxer-webm: 4f35f7cbe854078d1ac9338744f61a02 -> 
  custom:container-muxer-webm: aa71ff27fc2769a1b78a27578f13a17b -> 
  custom:video-decoder-webm-vp8: 9c59270c3fd7afecdb556c50c9e8de78 -> 
  custom:SearchIndexIgnoredProperties: e643bd26f0fe6173181afceb89e7c659 -> 
  custom:AudioImporter_EditorPlatform: d09bf68614088b80899f8185d706f6e7 -> 
  custom:video-encoder-webm-vp8: eb34c28f22e8b96e1ab97ce403110664 -> 
  custom:audio-decoder-ogg-vorbis: bf7c407c2cedff20999df2af8eb42d56 -> 
  custom:audio-encoder-webm-vorbis: bf7c407c2cedff20999df2af8eb42d56 -> 
========================================================================
Received Import Request.
  Time since last request: 1012.382771 seconds.
  path: Assets/Art/40.fbx
  artifactKey: Guid(93fad9ba111703441a036ecaf8ca517a) Importer(815301076,1909f56bfc062723c751e8b465ee728b)
Start importing Assets/Art/40.fbx using Guid(93fad9ba111703441a036ecaf8ca517a) Importer(815301076,1909f56bfc062723c751e8b465ee728b)  -> (artifact id: '22a8b29be896e9a80f93e8cde3a9a2ff') in 0.118835 seconds
Number of updated asset objects reloaded before import = 0
Number of asset objects unloaded after import = 7
========================================================================
Received Import Request.
  Time since last request: 0.000034 seconds.
  path: Assets/Art/39.fbx
  artifactKey: Guid(ea8c906ba20785f479e069494000e7ec) Importer(815301076,1909f56bfc062723c751e8b465ee728b)
Start importing Assets/Art/39.fbx using Guid(ea8c906ba20785f479e069494000e7ec) Importer(815301076,1909f56bfc062723c751e8b465ee728b)  -> (artifact id: 'b530b85a2a907f2785e3ce3bfa11bb69') in 0.036167 seconds
Number of updated asset objects reloaded before import = 0
Number of asset objects unloaded after import = 7
========================================================================
Received Import Request.
  Time since last request: 0.000014 seconds.
  path: Assets/Art/8.fbx
  artifactKey: Guid(0f14605430a819e41a247d45378306c3) Importer(815301076,1909f56bfc062723c751e8b465ee728b)
Start importing Assets/Art/8.fbx using Guid(0f14605430a819e41a247d45378306c3) Importer(815301076,1909f56bfc062723c751e8b465ee728b)  -> (artifact id: '610d7e36d6093649998f8ebf5af4039d') in 0.018197 seconds
Number of updated asset objects reloaded before import = 0
Number of asset objects unloaded after import = 7
========================================================================
Received Import Request.
  Time since last request: 0.000013 seconds.
  path: Assets/Art/25.fbx
  artifactKey: Guid(b55041a69c3087f479e0a1c522cd4f41) Importer(815301076,1909f56bfc062723c751e8b465ee728b)
Start importing Assets/Art/25.fbx using Guid(b55041a69c3087f479e0a1c522cd4f41) Importer(815301076,1909f56bfc062723c751e8b465ee728b)  -> (artifact id: 'b41a541b8701d639d05eb9922f432dde') in 0.038188 seconds
Number of updated asset objects reloaded before import = 0
Number of asset objects unloaded after import = 7
========================================================================
Received Import Request.
  Time since last request: 0.000014 seconds.
  path: Assets/Art/32.fbx
  artifactKey: Guid(cbf9d36bd5563f44eaed3b8797f122fa) Importer(815301076,1909f56bfc062723c751e8b465ee728b)
Start importing Assets/Art/32.fbx using Guid(cbf9d36bd5563f44eaed3b8797f122fa) Importer(815301076,1909f56bfc062723c751e8b465ee728b)  -> (artifact id: 'b0cf4cd2b3a1e79c23cd4ba7fbbf591a') in 0.011078 seconds
Number of updated asset objects reloaded before import = 0
Number of asset objects unloaded after import = 7
========================================================================
Received Import Request.
  Time since last request: 0.000013 seconds.
  path: Assets/Art/16.fbx
  artifactKey: Guid(69e1571b406ead34ca919938eafeb638) Importer(815301076,1909f56bfc062723c751e8b465ee728b)
Start importing Assets/Art/16.fbx using Guid(69e1571b406ead34ca919938eafeb638) Importer(815301076,1909f56bfc062723c751e8b465ee728b)  -> (artifact id: '85afd6ebf1f48f7669c2d91dd75093d8') in 0.015331 seconds
Number of updated asset objects reloaded before import = 0
Number of asset objects unloaded after import = 7
========================================================================
Received Import Request.
  Time since last request: 0.000013 seconds.
  path: Assets/Art/31.fbx
  artifactKey: Guid(550d8ba43a0cb1a4e95ed432291664ab) Importer(815301076,1909f56bfc062723c751e8b465ee728b)
Start importing Assets/Art/31.fbx using Guid(550d8ba43a0cb1a4e95ed432291664ab) Importer(815301076,1909f56bfc062723c751e8b465ee728b)  -> (artifact id: '431090310793680f7edf07d1853b1753') in 0.011605 seconds
Number of updated asset objects reloaded before import = 0
Number of asset objects unloaded after import = 7
========================================================================
Received Import Request.
  Time since last request: 0.000012 seconds.
  path: Assets/Art/9.fbx
  artifactKey: Guid(39eefd61da9f7c2459cb4a3bdeb8d4c6) Importer(815301076,1909f56bfc062723c751e8b465ee728b)
Start importing Assets/Art/9.fbx using Guid(39eefd61da9f7c2459cb4a3bdeb8d4c6) Importer(815301076,1909f56bfc062723c751e8b465ee728b)  -> (artifact id: 'eaf7233f233b95b012aa13ae2061a9cf') in 0.012857 seconds
Number of updated asset objects reloaded before import = 0
Number of asset objects unloaded after import = 7
========================================================================
Received Import Request.
  Time since last request: 0.000013 seconds.
  path: Assets/Art/43.fbx
  artifactKey: Guid(f291a031e9ec5fb4fb8d8ea776c16503) Importer(815301076,1909f56bfc062723c751e8b465ee728b)
Start importing Assets/Art/43.fbx using Guid(f291a031e9ec5fb4fb8d8ea776c16503) Importer(815301076,1909f56bfc062723c751e8b465ee728b)  -> (artifact id: '2907ef7416620e86b2dac2f910e91364') in 0.011195 seconds
Number of updated asset objects reloaded before import = 0
Number of asset objects unloaded after import = 7
========================================================================
Received Import Request.
  Time since last request: 0.000017 seconds.
  path: Assets/Art/24.fbx
  artifactKey: Guid(9e4191c756734ee47a7e92843013db06) Importer(815301076,1909f56bfc062723c751e8b465ee728b)
Start importing Assets/Art/24.fbx using Guid(9e4191c756734ee47a7e92843013db06) Importer(815301076,1909f56bfc062723c751e8b465ee728b)  -> (artifact id: '1db8147775c6f21610c807051ecdebc9') in 0.013952 seconds
Number of updated asset objects reloaded before import = 0
Number of asset objects unloaded after import = 7
========================================================================
Received Import Request.
  Time since last request: 0.000015 seconds.
  path: Assets/Art/14.fbx
  artifactKey: Guid(9ed034aefb64f974eae065b409d78027) Importer(815301076,1909f56bfc062723c751e8b465ee728b)
Start importing Assets/Art/14.fbx using Guid(9ed034aefb64f974eae065b409d78027) Importer(815301076,1909f56bfc062723c751e8b465ee728b)  -> (artifact id: 'a7403203a5ad095f3e4fec513bc89090') in 0.023008 seconds
Number of updated asset objects reloaded before import = 0
Number of asset objects unloaded after import = 7
========================================================================
Received Import Request.
  Time since last request: 0.000016 seconds.
  path: Assets/Art/13.fbx
  artifactKey: Guid(fc4e59c3de5842e4fa5e52acbda9b00d) Importer(815301076,1909f56bfc062723c751e8b465ee728b)
Start importing Assets/Art/13.fbx using Guid(fc4e59c3de5842e4fa5e52acbda9b00d) Importer(815301076,1909f56bfc062723c751e8b465ee728b)  -> (artifact id: '9cb21e0a1ca953414f2be0f0581d75a7') in 0.025494 seconds
Number of updated asset objects reloaded before import = 0
Number of asset objects unloaded after import = 7
========================================================================
Received Import Request.
  Time since last request: 0.000015 seconds.
  path: Assets/Art/1.fbx
  artifactKey: Guid(6021ea368ad8814429e7e7d7baa13b73) Importer(815301076,1909f56bfc062723c751e8b465ee728b)
Start importing Assets/Art/1.fbx using Guid(6021ea368ad8814429e7e7d7baa13b73) Importer(815301076,1909f56bfc062723c751e8b465ee728b)  -> (artifact id: '69756ec7871fc20cc4b57d2d228030a3') in 0.011119 seconds
Number of updated asset objects reloaded before import = 0
Number of asset objects unloaded after import = 7
========================================================================
Received Import Request.
  Time since last request: 0.000020 seconds.
  path: Assets/Art/4.fbx
  artifactKey: Guid(a71f7aba415d36242a7fac63f563d62b) Importer(815301076,1909f56bfc062723c751e8b465ee728b)
Start importing Assets/Art/4.fbx using Guid(a71f7aba415d36242a7fac63f563d62b) Importer(815301076,1909f56bfc062723c751e8b465ee728b)  -> (artifact id: '74f85b95596be8a166c0217b96f92cf2') in 0.012258 seconds
Number of updated asset objects reloaded before import = 0
Number of asset objects unloaded after import = 7
========================================================================
Received Import Request.
  Time since last request: 0.000018 seconds.
  path: Assets/Art/19.fbx
  artifactKey: Guid(3ebd29e5a4ba2aa46b674f8fb8bd8acf) Importer(815301076,1909f56bfc062723c751e8b465ee728b)
Start importing Assets/Art/19.fbx using Guid(3ebd29e5a4ba2aa46b674f8fb8bd8acf) Importer(815301076,1909f56bfc062723c751e8b465ee728b)  -> (artifact id: '0ce2816667d9ed455c9b4632d733a0f7') in 0.024869 seconds
Number of updated asset objects reloaded before import = 0
Number of asset objects unloaded after import = 7
========================================================================
Received Import Request.
  Time since last request: 0.000015 seconds.
  path: Assets/Art/34.fbx
  artifactKey: Guid(52ef021caac4c0345a525896fbe1921a) Importer(815301076,1909f56bfc062723c751e8b465ee728b)
Start importing Assets/Art/34.fbx using Guid(52ef021caac4c0345a525896fbe1921a) Importer(815301076,1909f56bfc062723c751e8b465ee728b)  -> (artifact id: '63083ea5f902b0022c45c51fb1440f41') in 0.018193 seconds
Number of updated asset objects reloaded before import = 0
Number of asset objects unloaded after import = 7
Editor requested this worker to shutdown with reason: Scaling down because of idle timeout
TcpMessagingSession - receive error: operation aborted. errorcode: 995, details: The I/O operation has been aborted because of either a thread exit or an application request.
AssetImportWorker is now disconnected from the server
Process exiting
Exiting without the bug reporter. Application will terminate with return code 0